<?xml version="1.0" encoding="UTF-8"?>
<!-- Generated by org.testng.reporters.JUnitReportReporter -->
<testsuite skipped="0" hostname="User-PC" name="runnerTest.Runner" tests="1" failures="0" timestamp="22 Dec 2020 05:21:35 GMT" time="117.809" errors="0">
  <testcase name="runScenario" time="117.809" classname="runnerTest.Runner"/>
</testsuite> <!-- runnerTest.Runner -->
